components/button-sprinkles-runtime/button-sprinkles-runtime.test.tsx
  ● Console

    console.error
      Error: Uncaught [TypeError: (0 , _buttonSprinklesRuntimeCss).sprinklesFn is not a function]
          at reportException (/home/kamil/Code/next-vanilla-extract/node_modules/jsdom/lib/jsdom/living/helpers/runtime-script-errors.js:66:24)
          at innerInvokeEventListeners (/home/kamil/Code/next-vanilla-extract/node_modules/jsdom/lib/jsdom/living/events/EventTarget-impl.js:341:9)
          at invokeEventListeners (/home/kamil/Code/next-vanilla-extract/node_modules/jsdom/lib/jsdom/living/events/EventTarget-impl.js:274:3)
          at HTMLUnknownElementImpl._dispatch (/home/kamil/Code/next-vanilla-extract/node_modules/jsdom/lib/jsdom/living/events/EventTarget-impl.js:221:9)
          at HTMLUnknownElementImpl.dispatchEvent (/home/kamil/Code/next-vanilla-extract/node_modules/jsdom/lib/jsdom/living/events/EventTarget-impl.js:94:17)
          at HTMLUnknownElement.dispatchEvent (/home/kamil/Code/next-vanilla-extract/node_modules/jsdom/lib/jsdom/living/generated/EventTarget.js:231:34)
          at Object.invokeGuardedCallbackDev (/home/kamil/Code/next-vanilla-extract/node_modules/react-dom/cjs/react-dom.development.js:3994:16)
          at invokeGuardedCallback (/home/kamil/Code/next-vanilla-extract/node_modules/react-dom/cjs/react-dom.development.js:4056:31)
          at beginWork$1 (/home/kamil/Code/next-vanilla-extract/node_modules/react-dom/cjs/react-dom.development.js:23964:7)
          at performUnitOfWork (/home/kamil/Code/next-vanilla-extract/node_modules/react-dom/cjs/react-dom.development.js:22779:12) TypeError: (0 , _buttonSprinklesRuntimeCss).sprinklesFn is not a function
          at ButtonSprinkles (/home/kamil/Code/next-vanilla-extract/components/button-sprinkles-runtime/index.tsx:13:75)
          at renderWithHooks (/home/kamil/Code/next-vanilla-extract/node_modules/react-dom/cjs/react-dom.development.js:14985:18)
          at mountIndeterminateComponent (/home/kamil/Code/next-vanilla-extract/node_modules/react-dom/cjs/react-dom.development.js:17811:13)
          at beginWork (/home/kamil/Code/next-vanilla-extract/node_modules/react-dom/cjs/react-dom.development.js:19049:16)
          at HTMLUnknownElement.callCallback (/home/kamil/Code/next-vanilla-extract/node_modules/react-dom/cjs/react-dom.development.js:3945:14)
          at HTMLUnknownElement.callTheUserObjectsOperation (/home/kamil/Code/next-vanilla-extract/node_modules/jsdom/lib/jsdom/living/generated/EventListener.js:26:30)
          at innerInvokeEventListeners (/home/kamil/Code/next-vanilla-extract/node_modules/jsdom/lib/jsdom/living/events/EventTarget-impl.js:338:25)
          at invokeEventListeners (/home/kamil/Code/next-vanilla-extract/node_modules/jsdom/lib/jsdom/living/events/EventTarget-impl.js:274:3)
          at HTMLUnknownElementImpl._dispatch (/home/kamil/Code/next-vanilla-extract/node_modules/jsdom/lib/jsdom/living/events/EventTarget-impl.js:221:9)
          at HTMLUnknownElementImpl.dispatchEvent (/home/kamil/Code/next-vanilla-extract/node_modules/jsdom/lib/jsdom/living/events/EventTarget-impl.js:94:17)
          at HTMLUnknownElement.dispatchEvent (/home/kamil/Code/next-vanilla-extract/node_modules/jsdom/lib/jsdom/living/generated/EventTarget.js:231:34)
          at Object.invokeGuardedCallbackDev (/home/kamil/Code/next-vanilla-extract/node_modules/react-dom/cjs/react-dom.development.js:3994:16)
          at invokeGuardedCallback (/home/kamil/Code/next-vanilla-extract/node_modules/react-dom/cjs/react-dom.development.js:4056:31)
          at beginWork$1 (/home/kamil/Code/next-vanilla-extract/node_modules/react-dom/cjs/react-dom.development.js:23964:7)
          at performUnitOfWork (/home/kamil/Code/next-vanilla-extract/node_modules/react-dom/cjs/react-dom.development.js:22779:12)
          at workLoopSync (/home/kamil/Code/next-vanilla-extract/node_modules/react-dom/cjs/react-dom.development.js:22707:5)
          at renderRootSync (/home/kamil/Code/next-vanilla-extract/node_modules/react-dom/cjs/react-dom.development.js:22670:7)
          at performSyncWorkOnRoot (/home/kamil/Code/next-vanilla-extract/node_modules/react-dom/cjs/react-dom.development.js:22293:18)
          at scheduleUpdateOnFiber (/home/kamil/Code/next-vanilla-extract/node_modules/react-dom/cjs/react-dom.development.js:21881:7)
          at updateContainer (/home/kamil/Code/next-vanilla-extract/node_modules/react-dom/cjs/react-dom.development.js:25482:3)
          at /home/kamil/Code/next-vanilla-extract/node_modules/react-dom/cjs/react-dom.development.js:26021:7
          at unbatchedUpdates (/home/kamil/Code/next-vanilla-extract/node_modules/react-dom/cjs/react-dom.development.js:22431:12)
          at legacyRenderSubtreeIntoContainer (/home/kamil/Code/next-vanilla-extract/node_modules/react-dom/cjs/react-dom.development.js:26020:5)
          at Object.render (/home/kamil/Code/next-vanilla-extract/node_modules/react-dom/cjs/react-dom.development.js:26103:10)
          at /home/kamil/Code/next-vanilla-extract/node_modules/@testing-library/react/dist/pure.js:101:25
          at batchedUpdates$1 (/home/kamil/Code/next-vanilla-extract/node_modules/react-dom/cjs/react-dom.development.js:22380:12)
          at act (/home/kamil/Code/next-vanilla-extract/node_modules/react-dom/cjs/react-dom-test-utils.development.js:1042:14)
          at Object.render (/home/kamil/Code/next-vanilla-extract/node_modules/@testing-library/react/dist/pure.js:97:26)
          at Object.<anonymous> (/home/kamil/Code/next-vanilla-extract/components/button-sprinkles-runtime/button-sprinkles-runtime.test.tsx:7:4)
          at Promise.then.completed (/home/kamil/Code/next-vanilla-extract/node_modules/jest-circus/build/utils.js:391:28)
          at new Promise (<anonymous>)
          at callAsyncCircusFn (/home/kamil/Code/next-vanilla-extract/node_modules/jest-circus/build/utils.js:316:10)
          at _callCircusTest (/home/kamil/Code/next-vanilla-extract/node_modules/jest-circus/build/run.js:218:40)
          at processTicksAndRejections (internal/process/task_queues.js:95:5)
          at _runTest (/home/kamil/Code/next-vanilla-extract/node_modules/jest-circus/build/run.js:155:3)
          at _runTestsForDescribeBlock (/home/kamil/Code/next-vanilla-extract/node_modules/jest-circus/build/run.js:66:9)
          at run (/home/kamil/Code/next-vanilla-extract/node_modules/jest-circus/build/run.js:25:3)
          at runAndTransformResultsToJestFormat (/home/kamil/Code/next-vanilla-extract/node_modules/jest-circus/build/legacy-code-todo-rewrite/jestAdapterInit.js:170:21)
          at jestAdapter (/home/kamil/Code/next-vanilla-extract/node_modules/jest-circus/build/legacy-code-todo-rewrite/jestAdapter.js:82:19)
          at runTestInternal (/home/kamil/Code/next-vanilla-extract/node_modules/jest-runner/build/runTest.js:389:16)
          at runTest (/home/kamil/Code/next-vanilla-extract/node_modules/jest-runner/build/runTest.js:475:34)
          at Object.worker (/home/kamil/Code/next-vanilla-extract/node_modules/jest-runner/build/testWorker.js:133:12)

      at VirtualConsole.<anonymous> (node_modules/jsdom/lib/jsdom/virtual-console.js:29:45)
      at reportException (node_modules/jsdom/lib/jsdom/living/helpers/runtime-script-errors.js:70:28)
      at innerInvokeEventListeners (node_modules/jsdom/lib/jsdom/living/events/EventTarget-impl.js:341:9)
      at invokeEventListeners (node_modules/jsdom/lib/jsdom/living/events/EventTarget-impl.js:274:3)
      at HTMLUnknownElementImpl._dispatch (node_modules/jsdom/lib/jsdom/living/events/EventTarget-impl.js:221:9)
      at HTMLUnknownElementImpl.dispatchEvent (node_modules/jsdom/lib/jsdom/living/events/EventTarget-impl.js:94:17)
      at HTMLUnknownElement.dispatchEvent (node_modules/jsdom/lib/jsdom/living/generated/EventTarget.js:231:34)

    console.error
      The above error occurred in the <ButtonSprinkles> component:
      
          at ButtonSprinkles (/home/kamil/Code/next-vanilla-extract/components/button-sprinkles-runtime/index.tsx:10:28)
      
      Consider adding an error boundary to your tree to customize error handling behavior.
      Visit https://reactjs.org/link/error-boundaries to learn more about error boundaries.

      at logCapturedError (node_modules/react-dom/cjs/react-dom.development.js:20085:23)
      at update.callback (node_modules/react-dom/cjs/react-dom.development.js:20118:5)
      at callCallback (node_modules/react-dom/cjs/react-dom.development.js:12318:12)
      at commitUpdateQueue (node_modules/react-dom/cjs/react-dom.development.js:12339:9)
      at commitLifeCycles (node_modules/react-dom/cjs/react-dom.development.js:20736:11)
      at commitLayoutEffects (node_modules/react-dom/cjs/react-dom.development.js:23426:7)
      at HTMLUnknownElement.callCallback (node_modules/react-dom/cjs/react-dom.development.js:3945:14)
      at HTMLUnknownElement.callTheUserObjectsOperation (node_modules/jsdom/lib/jsdom/living/generated/EventListener.js:26:30)

  ● should render button component when using createSprinkles at runtime

    TypeError: (0 , _buttonSprinklesRuntimeCss).sprinklesFn is not a function

      11 |   return (
      12 |     <button
    > 13 |       className={clsx(sprinklesFn({ width: "auto", ...(sprinkles ?? {}) }))}
         |                                                                           ^
      14 |     >
      15 |       {children}
      16 |     </button>

      at ButtonSprinkles (components/button-sprinkles-runtime/index.tsx:13:75)
      at renderWithHooks (node_modules/react-dom/cjs/react-dom.development.js:14985:18)
      at mountIndeterminateComponent (node_modules/react-dom/cjs/react-dom.development.js:17811:13)
      at beginWork (node_modules/react-dom/cjs/react-dom.development.js:19049:16)
      at HTMLUnknownElement.callCallback (node_modules/react-dom/cjs/react-dom.development.js:3945:14)
      at HTMLUnknownElement.callTheUserObjectsOperation (node_modules/jsdom/lib/jsdom/living/generated/EventListener.js:26:30)
      at innerInvokeEventListeners (node_modules/jsdom/lib/jsdom/living/events/EventTarget-impl.js:338:25)
      at invokeEventListeners (node_modules/jsdom/lib/jsdom/living/events/EventTarget-impl.js:274:3)
      at HTMLUnknownElementImpl._dispatch (node_modules/jsdom/lib/jsdom/living/events/EventTarget-impl.js:221:9)
      at HTMLUnknownElementImpl.dispatchEvent (node_modules/jsdom/lib/jsdom/living/events/EventTarget-impl.js:94:17)
      at HTMLUnknownElement.dispatchEvent (node_modules/jsdom/lib/jsdom/living/generated/EventTarget.js:231:34)
      at Object.invokeGuardedCallbackDev (node_modules/react-dom/cjs/react-dom.development.js:3994:16)
      at invokeGuardedCallback (node_modules/react-dom/cjs/react-dom.development.js:4056:31)
      at beginWork$1 (node_modules/react-dom/cjs/react-dom.development.js:23964:7)
      at performUnitOfWork (node_modules/react-dom/cjs/react-dom.development.js:22779:12)
      at workLoopSync (node_modules/react-dom/cjs/react-dom.development.js:22707:5)
      at renderRootSync (node_modules/react-dom/cjs/react-dom.development.js:22670:7)
      at performSyncWorkOnRoot (node_modules/react-dom/cjs/react-dom.development.js:22293:18)
      at scheduleUpdateOnFiber (node_modules/react-dom/cjs/react-dom.development.js:21881:7)
      at updateContainer (node_modules/react-dom/cjs/react-dom.development.js:25482:3)
      at node_modules/react-dom/cjs/react-dom.development.js:26021:7
      at unbatchedUpdates (node_modules/react-dom/cjs/react-dom.development.js:22431:12)
      at legacyRenderSubtreeIntoContainer (node_modules/react-dom/cjs/react-dom.development.js:26020:5)
      at Object.render (node_modules/react-dom/cjs/react-dom.development.js:26103:10)
      at node_modules/@testing-library/react/dist/pure.js:101:25
      at batchedUpdates$1 (node_modules/react-dom/cjs/react-dom.development.js:22380:12)
      at act (node_modules/react-dom/cjs/react-dom-test-utils.development.js:1042:14)
      at Object.render (node_modules/@testing-library/react/dist/pure.js:97:26)
      at Object.<anonymous> (components/button-sprinkles-runtime/button-sprinkles-runtime.test.tsx:7:4)

 PASS  components/button/button.test.tsx
 PASS  components/button-vanilla/button-vanilla.test.tsx
 PASS  components/button-sprinkles/button-sprinkles.test.tsx
Waiting for the debugger to disconnect...
Waiting for the debugger to disconnect...

Test Suites: 1 failed, 3 passed, 4 total
Tests:       1 failed, 3 passed, 4 total
Snapshots:   0 total
Time:        5.141 s
Ran all test suites related to changed files.